d:\dev\kod_gameengine\core\x64\debug\vc143.pdb
d:\dev\kod_gameengine\core\x64\debug\vc143.idb
d:\dev\kod_gameengine\core\x64\debug\icollider.obj
d:\dev\kod_gameengine\core\x64\debug\istate.obj
d:\dev\kod_gameengine\core\x64\debug\iobiect.obj
d:\dev\kod_gameengine\core\x64\debug\idrawable.obj
d:\dev\kod_gameengine\core\x64\debug\game.obj
d:\dev\kod_gameengine\core\x64\debug\gameobject.obj
d:\dev\kod_gameengine\core\x64\debug\world.obj
d:\dev\kod_gameengine\core\x64\debug\statemanager.obj
d:\dev\kod_gameengine\build\debug\core.dll
d:\dev\kod_gameengine\build\debug\core.pdb
d:\dev\kod_gameengine\build\debug\core.lib
d:\dev\kod_gameengine\build\debug\core.exp
d:\dev\kod_gameengine\core\x64\debug\core.ilk
d:\dev\kod_gameengine\core\x64\debug\core.obj
d:\dev\kod_gameengine\core\x64\debug\core.tlog\cl.command.1.tlog
d:\dev\kod_gameengine\core\x64\debug\core.tlog\cl.items.tlog
d:\dev\kod_gameengine\core\x64\debug\core.tlog\cl.read.1.tlog
d:\dev\kod_gameengine\core\x64\debug\core.tlog\cl.write.1.tlog
d:\dev\kod_gameengine\core\x64\debug\core.tlog\link.command.1.tlog
d:\dev\kod_gameengine\core\x64\debug\core.tlog\link.read.1.tlog
d:\dev\kod_gameengine\core\x64\debug\core.tlog\link.secondary.1.tlog
d:\dev\kod_gameengine\core\x64\debug\core.tlog\link.write.1.tlog
